Reading pref.tcl

# 2021.2

# vsim -c -voptargs="+acc" tb -do "../testpy/modelsim_framework.do" 
# Start time: 23:18:17 on Dec 10,2021
# ** Note: (vsim-8009) Loading existing optimized design _opt
# //  Questa Sim-64
# //  Version 2021.2 linux_x86_64 Apr 14 2021
# //
# //  Copyright 1991-2021 Mentor Graphics Corporation
# //  All Rights Reserved.
# //
# //  QuestaSim and its associated documentation contain trade
# //  secrets and commercial or financial information that are the property of
# //  Mentor Graphics Corporation and are privileged, confidential,
# //  and exempt from disclosure under the Freedom of Information Act,
# //  5 U.S.C. Section 552. Furthermore, this information
# //  is prohibited from disclosure under the Trade Secrets Act,
# //  18 U.S.C. Section 1905.
# //
# Loading std.standard
# Loading std.textio(body)
# Loading ieee.std_logic_1164(body)
# Loading ieee.std_logic_textio(body)
# Loading std.env(body)
# Loading work.tb(mixed)#1
# Loading work.mips_processor(structure)#1
# Loading ieee.numeric_std(body)
# Loading work.mem(rtl)#1
# Loading work.mux2t1_n(structural)#1
# Loading work.mux2t1(structural)#1
# Loading work.invg(dataflow)#1
# Loading work.andg2(dataflow)#1
# Loading work.org2(dataflow)#1
# Loading work.pc_register_32(structural)#1
# Loading work.dffg(mixed)#1
# Loading work.full_add_n(structural)#1
# Loading work.full_add(structural)#1
# Loading work.xorg2(dataflow)#1
# Loading work.regif_id(structural)#1
# Loading work.flush_n(structural)#1
# Loading work.and2t1_n(structural)#1
# Loading work.register_n(structural)#1
# Loading work.control_unit(dataflow)#1
# Loading work.hazard_control(structural)#1
# Loading work.regfile32x32b(structural)#1
# Loading work.decoder5t32(dataflow)#1
# Loading work.gp_register_32(structural)#1
# Loading work.sp_register_32(structural)#1
# Loading work.mux32t1_n(dataflow)#1
# Loading work.sign_extend(structural)#1
# Loading work.mux2t1_n(structural)#2
# Loading work.id_forward_control(behavioral)#1
# Loading work.mux4t1_n(dataflow)#1
# Loading work.eq_32(structural)#1
# Loading work.xor2t1_n(structural)#1
# Loading work.nor32t1(dataflow)#1
# Loading work.fetch(structural)#1
# Loading work.regid_ex(structural)#1
# Loading work.flush_1(structural)#1
# Loading work.flush_n(structural)#2
# Loading work.and2t1_n(structural)#2
# Loading work.register_n(structural)#2
# Loading work.flush_n(structural)#3
# Loading work.and2t1_n(structural)#3
# Loading work.register_n(structural)#3
# Loading work.alu(structural)#1
# Loading work.alu_control(dataflow)#1
# Loading work.add_sub_n(structural)#1
# Loading work.invg_n(structural)#1
# Loading work.or2t1_n(structural)#1
# Loading work.mux2t1_n(structural)#3
# Loading work.barrel_shifter(struct)#1
# Loading work.repl(dataflow)#1
# Loading work.slt_n(dataflow)#1
# Loading work.mux8t1(dataflow)#1
# Loading work.mux4t1_n(dataflow)#2
# Loading work.forward_control(behavioral)#1
# Loading work.regex_mem(structural)#1
# Loading work.mem_forward_control(behavioral)#1
# Loading work.regmem_wb(structural)#1
# do ../testpy/modelsim_framework.do
# ** Warning: NUMERIC_STD.TO_INTEGER: metavalue detected, returning 0
#    Time: 0 ns  Iteration: 0  Instance: /tb/MyMips/DMem
# ** Warning: NUMERIC_STD.TO_INTEGER: metavalue detected, returning 0
#    Time: 0 ns  Iteration: 0  Instance: /tb/MyMips/IMem
# ** Note: Data structure takes 56290896 bytes of memory
#          Process time 0.22 seconds
#          stop
#    Time: 180 ns  Iteration: 1  Instance: /tb
# Break in Process P_DUMP_STATE at /home/ianjohn/cpre381/cpre381-project2/Synthesis-toolflow/src/tb.vhd line 146
# Stopped at /home/ianjohn/cpre381/cpre381-project2/Synthesis-toolflow/src/tb.vhd line 146
# End time: 23:18:20 on Dec 10,2021, Elapsed time: 0:00:03
# Errors: 0, Warnings: 2
